0 info it worked if it ends with ok
1 verbose cli [ 'node',
1 verbose cli   '/usr/bin/npm',
1 verbose cli   'dist-tag',
1 verbose cli   'add',
1 verbose cli   '@aginiers/how-to-npm@1.1.0',
1 verbose cli   'test' ]
2 info using npm@2.11.1
3 info using node@v0.10.25
4 verbose node symlink /usr/bin/node
5 verbose dist-tag add test to @aginiers/how-to-npm@1.1.0
6 silly mapToRegistry name @aginiers/how-to-npm
7 silly mapToRegistry scope (from package name) @aginiers
8 verbose mapToRegistry no registry URL found in name for scope @aginiers
9 silly mapToRegistry using default registry
10 silly mapToRegistry registry http://localhost:15443/
11 silly mapToRegistry uri http://localhost:15443/@aginiers%2fhow-to-npm
12 verbose request uri http://localhost:15443/-/package/@aginiers%2fhow-to-npm/dist-tags
13 verbose request no auth needed
14 info attempt registry request try #1 at 17:30:49
15 verbose request id ecc7d02a72c28601
16 http request GET http://localhost:15443/-/package/@aginiers%2fhow-to-npm/dist-tags
17 http 404 http://localhost:15443/-/package/@aginiers%2fhow-to-npm/dist-tags
18 verbose headers { 'content-type': 'application/json',
18 verbose headers   date: 'Sat, 11 Jul 2015 15:30:49 GMT',
18 verbose headers   connection: 'keep-alive',
18 verbose headers   'transfer-encoding': 'chunked' }
19 verbose stack Error: missing : -/package/@aginiers%2fhow-to-npm/dist-tags
19 verbose stack     at CachingRegistryClient.<anonymous> (/usr/lib/node_modules/npm/node_modules/npm-registry-client/lib/request.js:247:14)
19 verbose stack     at Request._callback (/usr/lib/node_modules/npm/node_modules/npm-registry-client/lib/request.js:170:14)
19 verbose stack     at Request.self.callback (/usr/lib/node_modules/npm/node_modules/request/request.js:354:22)
19 verbose stack     at Request.EventEmitter.emit (events.js:98:17)
19 verbose stack     at Request.<anonymous> (/usr/lib/node_modules/npm/node_modules/request/request.js:1207:14)
19 verbose stack     at Request.EventEmitter.emit (events.js:117:20)
19 verbose stack     at IncomingMessage.<anonymous> (/usr/lib/node_modules/npm/node_modules/request/request.js:1153:12)
19 verbose stack     at IncomingMessage.EventEmitter.emit (events.js:117:20)
19 verbose stack     at _stream_readable.js:920:16
19 verbose stack     at process._tickCallback (node.js:415:13)
20 verbose statusCode 404
21 verbose cwd /home/aginiers/Projects/nodeschool/how-to-npm
22 error Linux 3.19.0-18-generic
23 error argv "node" "/usr/bin/npm" "dist-tag" "add" "@aginiers/how-to-npm@1.1.0" "test"
24 error node v0.10.25
25 error npm  v2.11.1
26 error code E404
27 error 404 missing : -/package/@aginiers%2fhow-to-npm/dist-tags
28 verbose exit [ 1, true ]
